<!DOCTYPE html PUBLIC "-//W3C//DTD XHTML 1.1//EN" "http://www.w3.org/TR/xhtml11/DTD/xhtml11.dtd">
<html xmlns="http://www.w3.org/1999/xhtml"><head><title>TestNG Report</title><style type="text/css">table {margin-bottom:10px;border-collapse:collapse;empty-cells:show}th,td {border:1px solid #009;padding:.25em .5em}th {vertical-align:bottom}td {vertical-align:top}table a {font-weight:bold}.stripe td {background-color: #E6EBF9}.num {text-align:right}.passedodd td {background-color: #3F3}.passedeven td {background-color: #0A0}.skippedodd td {background-color: #DDD}.skippedeven td {background-color: #CCC}.failedodd td,.attn {background-color: #F33}.failedeven td,.stripe .attn {background-color: #D00}.stacktrace {white-space:pre;font-family:monospace}.totop {font-size:85%;text-align:center;border-bottom:2px solid #000}</style></head><body><table><tr><th>Test</th><th># Passed</th><th># Skipped</th><th># Failed</th><th>Time (ms)</th><th>Included Groups</th><th>Excluded Groups</th></tr><tr><th colspan="7">iphone 6 plus 9.3.3</th></tr><tr><td><a href="#t0">debug</a></td><td class="num">4</td><td class="num">0</td><td class="num attn">4</td><td class="num">919,954</td><td></td><td></td></tr></table><table><thead><tr><th>Class</th><th>Method</th><th>Start</th><th>Time (ms)</th></tr></thead><tbody><tr><th colspan="4">iphone 6 plus 9.3.3</th></tr></tbody><tbody id="t0"><tr><th colspan="4">debug &#8212; failed</th></tr><tr class="failedeven"><td rowspan="4">script.bangmaiche.TopicTest</td><td><a href="#m0">bangmaiche_topic_testcase12</a></td><td rowspan="1">1505121862735</td><td rowspan="1">118331</td></tr><tr class="failedeven"><td><a href="#m1">bangmaiche_topic_testcase2</a></td><td rowspan="1">1505121456775</td><td rowspan="1">92965</td></tr><tr class="failedeven"><td><a href="#m2">bangmaiche_topic_testcase4</a></td><td rowspan="1">1505121679628</td><td rowspan="1">67341</td></tr><tr class="failedeven"><td><a href="#m3">bangmaiche_topic_testcase5</a></td><td rowspan="1">1505121782480</td><td rowspan="1">45307</td></tr><tr><th colspan="4">debug &#8212; passed</th></tr><tr class="passedeven"><td rowspan="4">script.bangmaiche.TopicTest</td><td><a href="#m4">bangmaiche_topic_testcase1</a></td><td rowspan="1">1505121250993</td><td rowspan="1">194214</td></tr><tr class="passedeven"><td><a href="#m5">bangmaiche_topic_testcase13</a></td><td rowspan="1">1505122018602</td><td rowspan="1">72017</td></tr><tr class="passedeven"><td><a href="#m6">bangmaiche_topic_testcase15</a></td><td rowspan="1">1505122102030</td><td rowspan="1">57377</td></tr><tr class="passedeven"><td><a href="#m7">bangmaiche_topic_testcase3</a></td><td rowspan="1">1505121579885</td><td rowspan="1">88373</td></tr></tbody></table><h2>debug</h2><h3 id="m0">script.bangmaiche.TopicTest#bangmaiche_topic_testcase12</h3><table class="result"><tr><th>Exception</th></tr><tr><td><div class="stacktrace">java.lang.AssertionError: 检查收藏成功 expected [false] but found [true]
	at script.bangmaiche.TopicTest.bangmaiche_topic_testcase12(TopicTest.java:185)
... Removed 27 stack frames</div></td></tr></table><p class="totop"><a href="#summary">back to summary</a></p><h3 id="m1">script.bangmaiche.TopicTest#bangmaiche_topic_testcase2</h3><table class="result"><tr><th>Exception</th></tr><tr><td><div class="stacktrace">org.openqa.selenium.TimeoutException: Timed out after 20 seconds waiting for visibility of element located by By.name: 确定
Build info: version: &apos;2.52.0&apos;, revision: &apos;4c2593c&apos;, time: &apos;2016-02-11 19:06:42&apos;
System info: host: &apos;N/A&apos;, ip: &apos;N/A&apos;, os.name: &apos;Mac OS X&apos;, os.arch: &apos;x86_64&apos;, os.version: &apos;10.12.3&apos;, java.version: &apos;1.7.0_71&apos;
Session ID: 8ed72b68-c143-4f73-b6c9-734b28d3533a
Driver info: io.appium.java_client.ios.IOSDriver
Capabilities [{platform=MAC, javascriptEnabled=true, browserName=iOS, networkConnectionEnabled=false, noSign=true, udid=279e59757a20062b7fb2f82586ca7ed5426352c4, desired={platform=MAC, platformVersion=8.1.2, deviceName=iPhone 6 Plus, platformName=iOS, bundleId=com.bitauto.carquote, device=iPhone 6 Plus, noSign=true, udid=279e59757a20062b7fb2f82586ca7ed5426352c4}, locationContextEnabled=false, platformVersion=8.1.2, databaseEnabled=false, deviceName=iPhone 6 Plus, platformName=iOS, webStorageEnabled=false, bundleId=com.bitauto.carquote, device=iPhone 6 Plus, warnings={}, takesScreenshot=true}]
	at org.openqa.selenium.support.ui.WebDriverWait.timeoutException(WebDriverWait.java:80)
	at org.openqa.selenium.support.ui.FluentWait.until(FluentWait.java:261)
	at common.Common.waitForVisible(Common.java:381)
	at common.Common.touchText(Common.java:105)
	at script.bangmaiche.TopicTest.bangmaiche_topic_testcase2(TopicTest.java:66)
Caused by: org.openqa.selenium.NoSuchElementException: An element could not be located on the page using the given search parameters. (WARNING: The server did not provide any stacktrace information)
Command duration or timeout: 2.25 seconds
For documentation on this error, please visit: http://seleniumhq.org/exceptions/no_such_element.html
Build info: version: &apos;2.52.0&apos;, revision: &apos;4c2593c&apos;, time: &apos;2016-02-11 19:06:42&apos;
System info: host: &apos;N/A&apos;, ip: &apos;N/A&apos;, os.name: &apos;Mac OS X&apos;, os.arch: &apos;x86_64&apos;, os.version: &apos;10.12.3&apos;, java.version: &apos;1.7.0_71&apos;
*** Element info: {Using=name, value=确定}
Session ID: 8ed72b68-c143-4f73-b6c9-734b28d3533a
Driver info: io.appium.java_client.ios.IOSDriver
Capabilities [{platform=MAC, javascriptEnabled=true, browserName=iOS, networkConnectionEnabled=false, noSign=true, udid=279e59757a20062b7fb2f82586ca7ed5426352c4, desired={platform=MAC, platformVersion=8.1.2, deviceName=iPhone 6 Plus, platformName=iOS, bundleId=com.bitauto.carquote, device=iPhone 6 Plus, noSign=true, udid=279e59757a20062b7fb2f82586ca7ed5426352c4}, locationContextEnabled=false, platformVersion=8.1.2, databaseEnabled=false, deviceName=iPhone 6 Plus, platformName=iOS, webStorageEnabled=false, bundleId=com.bitauto.carquote, device=iPhone 6 Plus, warnings={}, takesScreenshot=true}]
	at org.openqa.selenium.remote.ErrorHandler.createThrowable(ErrorHandler.java:206)
	at org.openqa.selenium.remote.ErrorHandler.throwIfResponseFailed(ErrorHandler.java:158)
	at org.openqa.selenium.remote.RemoteWebDriver.execute(RemoteWebDriver.java:678)
	at io.appium.java_client.DefaultGenericMobileDriver.execute(DefaultGenericMobileDriver.java:27)
	at io.appium.java_client.AppiumDriver.execute(AppiumDriver.java:1)
	at io.appium.java_client.ios.IOSDriver.execute(IOSDriver.java:1)
	at org.openqa.selenium.remote.RemoteWebDriver.findElement(RemoteWebDriver.java:363)
	at org.openqa.selenium.remote.RemoteWebDriver.findElementByName(RemoteWebDriver.java:461)
	at io.appium.java_client.DefaultGenericMobileDriver.findElementByName(DefaultGenericMobileDriver.java:75)
	at io.appium.java_client.AppiumDriver.findElementByName(AppiumDriver.java:1)
	at io.appium.java_client.ios.IOSDriver.findElementByName(IOSDriver.java:1)
	at org.openqa.selenium.By$ByName.findElement(By.java:303)
	at org.openqa.selenium.remote.RemoteWebDriver.findElement(RemoteWebDriver.java:355)
	at io.appium.java_client.DefaultGenericMobileDriver.findElement(DefaultGenericMobileDriver.java:37)
	at io.appium.java_client.AppiumDriver.findElement(AppiumDriver.java:1)
	at io.appium.java_client.ios.IOSDriver.findElement(IOSDriver.java:1)
	at org.openqa.selenium.support.ui.ExpectedConditions.findElement(ExpectedConditions.java:911)
	at org.openqa.selenium.support.ui.ExpectedConditions.access$0(ExpectedConditions.java:909)
	at org.openqa.selenium.support.ui.ExpectedConditions$7.apply(ExpectedConditions.java:205)
	at org.openqa.selenium.support.ui.ExpectedConditions$7.apply(ExpectedConditions.java:1)
	at org.openqa.selenium.support.ui.FluentWait.until(FluentWait.java:238)
	... 27 more
... Removed 27 stack frames</div></td></tr></table><p class="totop"><a href="#summary">back to summary</a></p><h3 id="m2">script.bangmaiche.TopicTest#bangmaiche_topic_testcase4</h3><table class="result"><tr><th>Exception</th></tr><tr><td><div class="stacktrace">org.openqa.selenium.NoSuchElementException: An element could not be located on the page using the given search parameters. (WARNING: The server did not provide any stacktrace information)
Command duration or timeout: 2.65 seconds
For documentation on this error, please visit: http://seleniumhq.org/exceptions/no_such_element.html
Build info: version: &apos;2.52.0&apos;, revision: &apos;4c2593c&apos;, time: &apos;2016-02-11 19:06:42&apos;
System info: host: &apos;N/A&apos;, ip: &apos;N/A&apos;, os.name: &apos;Mac OS X&apos;, os.arch: &apos;x86_64&apos;, os.version: &apos;10.12.3&apos;, java.version: &apos;1.7.0_71&apos;
*** Element info: {Using=xpath, value=/UIAApplication[1]/UIAWindow[1]/UIATextView[1]}
Session ID: 8ed72b68-c143-4f73-b6c9-734b28d3533a
Driver info: io.appium.java_client.ios.IOSDriver
Capabilities [{platform=MAC, javascriptEnabled=true, browserName=iOS, networkConnectionEnabled=false, noSign=true, udid=279e59757a20062b7fb2f82586ca7ed5426352c4, desired={platform=MAC, platformVersion=8.1.2, deviceName=iPhone 6 Plus, platformName=iOS, bundleId=com.bitauto.carquote, device=iPhone 6 Plus, noSign=true, udid=279e59757a20062b7fb2f82586ca7ed5426352c4}, locationContextEnabled=false, platformVersion=8.1.2, databaseEnabled=false, deviceName=iPhone 6 Plus, platformName=iOS, webStorageEnabled=false, bundleId=com.bitauto.carquote, device=iPhone 6 Plus, warnings={}, takesScreenshot=true}]
	at org.openqa.selenium.remote.ErrorHandler.createThrowable(ErrorHandler.java:206)
	at org.openqa.selenium.remote.ErrorHandler.throwIfResponseFailed(ErrorHandler.java:158)
	at org.openqa.selenium.remote.RemoteWebDriver.execute(RemoteWebDriver.java:678)
	at io.appium.java_client.DefaultGenericMobileDriver.execute(DefaultGenericMobileDriver.java:27)
	at io.appium.java_client.AppiumDriver.execute(AppiumDriver.java:1)
	at io.appium.java_client.ios.IOSDriver.execute(IOSDriver.java:1)
	at org.openqa.selenium.remote.RemoteWebDriver.findElement(RemoteWebDriver.java:363)
	at org.openqa.selenium.remote.RemoteWebDriver.findElementByXPath(RemoteWebDriver.java:500)
	at io.appium.java_client.DefaultGenericMobileDriver.findElementByXPath(DefaultGenericMobileDriver.java:99)
	at io.appium.java_client.AppiumDriver.findElementByXPath(AppiumDriver.java:1)
	at io.appium.java_client.ios.IOSDriver.findElementByXPath(IOSDriver.java:1)
	at org.openqa.selenium.By$ByXPath.findElement(By.java:361)
	at org.openqa.selenium.remote.RemoteWebDriver.findElement(RemoteWebDriver.java:355)
	at io.appium.java_client.DefaultGenericMobileDriver.findElement(DefaultGenericMobileDriver.java:37)
	at io.appium.java_client.AppiumDriver.findElement(AppiumDriver.java:1)
	at io.appium.java_client.ios.IOSDriver.findElement(IOSDriver.java:1)
	at common.Common.sendText(Common.java:339)
	at script.bangmaiche.TopicTest.bangmaiche_topic_testcase4(TopicTest.java:122)
... Removed 27 stack frames</div></td></tr></table><p class="totop"><a href="#summary">back to summary</a></p><h3 id="m3">script.bangmaiche.TopicTest#bangmaiche_topic_testcase5</h3><table class="result"><tr><th>Exception</th></tr><tr><td><div class="stacktrace">org.openqa.selenium.TimeoutException: Timed out after 20 seconds waiting for visibility of element located by By.xpath: //UIAApplication[1]/UIAWindow[1]/UIATableView[1]/UIATableCell[4]/UIAButton[4]
Build info: version: &apos;2.52.0&apos;, revision: &apos;4c2593c&apos;, time: &apos;2016-02-11 19:06:42&apos;
System info: host: &apos;N/A&apos;, ip: &apos;N/A&apos;, os.name: &apos;Mac OS X&apos;, os.arch: &apos;x86_64&apos;, os.version: &apos;10.12.3&apos;, java.version: &apos;1.7.0_71&apos;
Session ID: 8ed72b68-c143-4f73-b6c9-734b28d3533a
Driver info: io.appium.java_client.ios.IOSDriver
Capabilities [{platform=MAC, javascriptEnabled=true, browserName=iOS, networkConnectionEnabled=false, noSign=true, udid=279e59757a20062b7fb2f82586ca7ed5426352c4, desired={platform=MAC, platformVersion=8.1.2, deviceName=iPhone 6 Plus, platformName=iOS, bundleId=com.bitauto.carquote, device=iPhone 6 Plus, noSign=true, udid=279e59757a20062b7fb2f82586ca7ed5426352c4}, locationContextEnabled=false, platformVersion=8.1.2, databaseEnabled=false, deviceName=iPhone 6 Plus, platformName=iOS, webStorageEnabled=false, bundleId=com.bitauto.carquote, device=iPhone 6 Plus, warnings={}, takesScreenshot=true}]
	at org.openqa.selenium.support.ui.WebDriverWait.timeoutException(WebDriverWait.java:80)
	at org.openqa.selenium.support.ui.FluentWait.until(FluentWait.java:261)
	at common.Common.waitForVisible(Common.java:381)
	at common.Common.touchXpath(Common.java:138)
	at script.bangmaiche.TopicTest.bangmaiche_topic_testcase5(TopicTest.java:156)
... Removed 24 stack frames</div></td></tr></table><p class="totop"><a href="#summary">back to summary</a></p><h3 id="m4">script.bangmaiche.TopicTest#bangmaiche_topic_testcase1</h3><table class="result"></table><p class="totop"><a href="#summary">back to summary</a></p><h3 id="m5">script.bangmaiche.TopicTest#bangmaiche_topic_testcase13</h3><table class="result"></table><p class="totop"><a href="#summary">back to summary</a></p><h3 id="m6">script.bangmaiche.TopicTest#bangmaiche_topic_testcase15</h3><table class="result"></table><p class="totop"><a href="#summary">back to summary</a></p><h3 id="m7">script.bangmaiche.TopicTest#bangmaiche_topic_testcase3</h3><table class="result"></table><p class="totop"><a href="#summary">back to summary</a></p></body></html>