<!DOCTYPE html PUBLIC "-//W3C//DTD XHTML 1.1//EN" "http://www.w3.org/TR/xhtml11/DTD/xhtml11.dtd">
<html xmlns="http://www.w3.org/1999/xhtml">
<head>
<title>TestNG Report</title>
<style type="text/css">
table {margin-bottom:10px;border-collapse:collapse;empty-cells:show}
td,th {border:1px solid #009;padding:.25em .5em}
.result th {vertical-align:bottom}
.param th {padding-left:1em;padding-right:1em}
.param td {padding-left:.5em;padding-right:2em}
.stripe td,.stripe th {background-color: #E6EBF9}
.numi,.numi_attn {text-align:right}
.total td {font-weight:bold}
.passedodd td {background-color: #0A0}
.passedeven td {background-color: #3F3}
.skippedodd td {background-color: #CCC}
.skippedodd td {background-color: #DDD}
.failedodd td,.numi_attn {background-color: #F33}
.failedeven td,.stripe .numi_attn {background-color: #D00}
.stacktrace {white-space:pre;font-family:monospace}
.totop {font-size:85%;text-align:center;border-bottom:2px solid #000}
</style>
</head>
<body>
<table cellspacing="0" cellpadding="0" class="testOverview">
<tr><th>Test</th><th>Methods<br/>Passed</th><th>Scenarios<br/>Passed</th><th># skipped</th><th># failed</th><th>Total<br/>Time</th><th>Included<br/>Groups</th><th>Excluded<br/>Groups</th></tr>
<tr><td style="text-align:left;padding-right:2em"><a href="#t1">debug</a></td><td class="numi">4</td><td class="numi">4</td><td class="numi">0</td><td class="numi_attn">4</td><td class="numi">920.0 seconds</td><td class="numi"></td><td class="numi"></td></tr>
</table>
<table cellspacing="0" cellpadding="0" class="methodOverview" id="summary">
<tr><th>Class</th><th>Method</th><th>Authors</th><th># of<br/>Scenarios</th><th>Running Counts</th><th>Parameters</th><th>Start</th><th>Time<br/>(ms)</th></tr>
<tr id="t1"><th colspan="5">debug &#8212; failed</th></tr>
<tr class="failedodd"><td rowspan="4">script.bangmaiche.TopicTest</td><td><a href="#m-411111031"><b>bangmaiche_topic_testcase12</b>  </a></td><td>unknown</td><td class="numi">1</td><td>1</td><td></td><td>1505121862735</td><td class="numi">118331</td></tr><tr class="failedodd"><td><a href="#m855925886"><b>bangmaiche_topic_testcase2</b>  </a></td><td>unknown</td><td class="numi">1</td><td>1</td><td></td><td>1505121456775</td><td class="numi">92965</td></tr><tr class="failedodd"><td><a href="#m855925888"><b>bangmaiche_topic_testcase4</b>  </a></td><td>unknown</td><td class="numi">1</td><td>1</td><td></td><td>1505121679628</td><td class="numi">67341</td></tr><tr class="failedodd"><td><a href="#m855925889"><b>bangmaiche_topic_testcase5</b>  </a></td><td>unknown</td><td class="numi">1</td><td>1</td><td></td><td>1505121782480</td><td class="numi">45307</td></tr>
<tr><th colspan="5">debug &#8212; passed</th></tr>
<tr class="passedodd"><td rowspan="4">script.bangmaiche.TopicTest</td><td><a href="#m855925885"><b>bangmaiche_topic_testcase1</b>  </a></td><td>unknown</td><td class="numi">1</td><td>1</td><td></td><td>1505121250993</td><td class="numi">194214</td></tr><tr class="passedodd"><td><a href="#m-411111030"><b>bangmaiche_topic_testcase13</b>  </a></td><td>unknown</td><td class="numi">1</td><td>1</td><td></td><td>1505122018602</td><td class="numi">72017</td></tr><tr class="passedodd"><td><a href="#m-411111028"><b>bangmaiche_topic_testcase15</b>  </a></td><td>unknown</td><td class="numi">1</td><td>1</td><td></td><td>1505122102030</td><td class="numi">57377</td></tr><tr class="passedodd"><td><a href="#m855925887"><b>bangmaiche_topic_testcase3</b>  </a></td><td>unknown</td><td class="numi">1</td><td>1</td><td></td><td>1505121579885</td><td class="numi">88373</td></tr>
</table>
<h1>debug</h1>
<h2 id="m855925888" name="m855925888" >script.bangmaiche.TopicTest:bangmaiche_topic_testcase4</h2>
<div>
<div class="stacktrace">org.openqa.selenium.NoSuchElementException: An element could not be located on the page using the given search parameters. (WARNING: The server did not provide any stacktrace information)
Command duration or timeout: 2.65 seconds
For documentation on this error, please visit: http://seleniumhq.org/exceptions/no_such_element.html
Build info: version: &apos;2.52.0&apos;, revision: &apos;4c2593c&apos;, time: &apos;2016-02-11 19:06:42&apos;
System info: host: &apos;N/A&apos;, ip: &apos;N/A&apos;, os.name: &apos;Mac OS X&apos;, os.arch: &apos;x86_64&apos;, os.version: &apos;10.12.3&apos;, java.version: &apos;1.7.0_71&apos;
*** Element info: {Using=xpath, value=/UIAApplication[1]/UIAWindow[1]/UIATextView[1]}
Session ID: 8ed72b68-c143-4f73-b6c9-734b28d3533a
Driver info: io.appium.java_client.ios.IOSDriver
Capabilities [{platform=MAC, javascriptEnabled=true, browserName=iOS, networkConnectionEnabled=false, noSign=true, udid=279e59757a20062b7fb2f82586ca7ed5426352c4, desired={platform=MAC, platformVersion=8.1.2, deviceName=iPhone 6 Plus, platformName=iOS, bundleId=com.bitauto.carquote, device=iPhone 6 Plus, noSign=true, udid=279e59757a20062b7fb2f82586ca7ed5426352c4}, locationContextEnabled=false, platformVersion=8.1.2, databaseEnabled=false, deviceName=iPhone 6 Plus, platformName=iOS, webStorageEnabled=false, bundleId=com.bitauto.carquote, device=iPhone 6 Plus, warnings={}, takesScreenshot=true}]
	at org.openqa.selenium.remote.ErrorHandler.createThrowable(ErrorHandler.java:206)
	at org.openqa.selenium.remote.ErrorHandler.throwIfResponseFailed(ErrorHandler.java:158)
	at org.openqa.selenium.remote.RemoteWebDriver.execute(RemoteWebDriver.java:678)
	at io.appium.java_client.DefaultGenericMobileDriver.execute(DefaultGenericMobileDriver.java:27)
	at io.appium.java_client.AppiumDriver.execute(AppiumDriver.java:1)
	at io.appium.java_client.ios.IOSDriver.execute(IOSDriver.java:1)
	at org.openqa.selenium.remote.RemoteWebDriver.findElement(RemoteWebDriver.java:363)
	at org.openqa.selenium.remote.RemoteWebDriver.findElementByXPath(RemoteWebDriver.java:500)
	at io.appium.java_client.DefaultGenericMobileDriver.findElementByXPath(DefaultGenericMobileDriver.java:99)
	at io.appium.java_client.AppiumDriver.findElementByXPath(AppiumDriver.java:1)
	at io.appium.java_client.ios.IOSDriver.findElementByXPath(IOSDriver.java:1)
	at org.openqa.selenium.By$ByXPath.findElement(By.java:361)
	at org.openqa.selenium.remote.RemoteWebDriver.findElement(RemoteWebDriver.java:355)
	at io.appium.java_client.DefaultGenericMobileDriver.findElement(DefaultGenericMobileDriver.java:37)
	at io.appium.java_client.AppiumDriver.findElement(AppiumDriver.java:1)
	at io.appium.java_client.ios.IOSDriver.findElement(IOSDriver.java:1)
	at common.Common.sendText(Common.java:339)
	at script.bangmaiche.TopicTest.bangmaiche_topic_testcase4(TopicTest.java:122)
... Removed 27 stack frames</div>
</div>
<p class="totop"><a href="#summary">back to summary</a></p>
<h2 id="m855925886" name="m855925886" >script.bangmaiche.TopicTest:bangmaiche_topic_testcase2</h2>
<div>
<div class="stacktrace">org.openqa.selenium.TimeoutException: Timed out after 20 seconds waiting for visibility of element located by By.name: 确定
Build info: version: &apos;2.52.0&apos;, revision: &apos;4c2593c&apos;, time: &apos;2016-02-11 19:06:42&apos;
System info: host: &apos;N/A&apos;, ip: &apos;N/A&apos;, os.name: &apos;Mac OS X&apos;, os.arch: &apos;x86_64&apos;, os.version: &apos;10.12.3&apos;, java.version: &apos;1.7.0_71&apos;
Session ID: 8ed72b68-c143-4f73-b6c9-734b28d3533a
Driver info: io.appium.java_client.ios.IOSDriver
Capabilities [{platform=MAC, javascriptEnabled=true, browserName=iOS, networkConnectionEnabled=false, noSign=true, udid=279e59757a20062b7fb2f82586ca7ed5426352c4, desired={platform=MAC, platformVersion=8.1.2, deviceName=iPhone 6 Plus, platformName=iOS, bundleId=com.bitauto.carquote, device=iPhone 6 Plus, noSign=true, udid=279e59757a20062b7fb2f82586ca7ed5426352c4}, locationContextEnabled=false, platformVersion=8.1.2, databaseEnabled=false, deviceName=iPhone 6 Plus, platformName=iOS, webStorageEnabled=false, bundleId=com.bitauto.carquote, device=iPhone 6 Plus, warnings={}, takesScreenshot=true}]
	at org.openqa.selenium.support.ui.WebDriverWait.timeoutException(WebDriverWait.java:80)
	at org.openqa.selenium.support.ui.FluentWait.until(FluentWait.java:261)
	at common.Common.waitForVisible(Common.java:381)
	at common.Common.touchText(Common.java:105)
	at script.bangmaiche.TopicTest.bangmaiche_topic_testcase2(TopicTest.java:66)
Caused by: org.openqa.selenium.NoSuchElementException: An element could not be located on the page using the given search parameters. (WARNING: The server did not provide any stacktrace information)
Command duration or timeout: 2.25 seconds
For documentation on this error, please visit: http://seleniumhq.org/exceptions/no_such_element.html
Build info: version: &apos;2.52.0&apos;, revision: &apos;4c2593c&apos;, time: &apos;2016-02-11 19:06:42&apos;
System info: host: &apos;N/A&apos;, ip: &apos;N/A&apos;, os.name: &apos;Mac OS X&apos;, os.arch: &apos;x86_64&apos;, os.version: &apos;10.12.3&apos;, java.version: &apos;1.7.0_71&apos;
*** Element info: {Using=name, value=确定}
Session ID: 8ed72b68-c143-4f73-b6c9-734b28d3533a
Driver info: io.appium.java_client.ios.IOSDriver
Capabilities [{platform=MAC, javascriptEnabled=true, browserName=iOS, networkConnectionEnabled=false, noSign=true, udid=279e59757a20062b7fb2f82586ca7ed5426352c4, desired={platform=MAC, platformVersion=8.1.2, deviceName=iPhone 6 Plus, platformName=iOS, bundleId=com.bitauto.carquote, device=iPhone 6 Plus, noSign=true, udid=279e59757a20062b7fb2f82586ca7ed5426352c4}, locationContextEnabled=false, platformVersion=8.1.2, databaseEnabled=false, deviceName=iPhone 6 Plus, platformName=iOS, webStorageEnabled=false, bundleId=com.bitauto.carquote, device=iPhone 6 Plus, warnings={}, takesScreenshot=true}]
	at org.openqa.selenium.remote.ErrorHandler.createThrowable(ErrorHandler.java:206)
	at org.openqa.selenium.remote.ErrorHandler.throwIfResponseFailed(ErrorHandler.java:158)
	at org.openqa.selenium.remote.RemoteWebDriver.execute(RemoteWebDriver.java:678)
	at io.appium.java_client.DefaultGenericMobileDriver.execute(DefaultGenericMobileDriver.java:27)
	at io.appium.java_client.AppiumDriver.execute(AppiumDriver.java:1)
	at io.appium.java_client.ios.IOSDriver.execute(IOSDriver.java:1)
	at org.openqa.selenium.remote.RemoteWebDriver.findElement(RemoteWebDriver.java:363)
	at org.openqa.selenium.remote.RemoteWebDriver.findElementByName(RemoteWebDriver.java:461)
	at io.appium.java_client.DefaultGenericMobileDriver.findElementByName(DefaultGenericMobileDriver.java:75)
	at io.appium.java_client.AppiumDriver.findElementByName(AppiumDriver.java:1)
	at io.appium.java_client.ios.IOSDriver.findElementByName(IOSDriver.java:1)
	at org.openqa.selenium.By$ByName.findElement(By.java:303)
	at org.openqa.selenium.remote.RemoteWebDriver.findElement(RemoteWebDriver.java:355)
	at io.appium.java_client.DefaultGenericMobileDriver.findElement(DefaultGenericMobileDriver.java:37)
	at io.appium.java_client.AppiumDriver.findElement(AppiumDriver.java:1)
	at io.appium.java_client.ios.IOSDriver.findElement(IOSDriver.java:1)
	at org.openqa.selenium.support.ui.ExpectedConditions.findElement(ExpectedConditions.java:911)
	at org.openqa.selenium.support.ui.ExpectedConditions.access$0(ExpectedConditions.java:909)
	at org.openqa.selenium.support.ui.ExpectedConditions$7.apply(ExpectedConditions.java:205)
	at org.openqa.selenium.support.ui.ExpectedConditions$7.apply(ExpectedConditions.java:1)
	at org.openqa.selenium.support.ui.FluentWait.until(FluentWait.java:238)
	... 27 more
... Removed 27 stack frames</div>
</div>
<p class="totop"><a href="#summary">back to summary</a></p>
<h2 id="m855925889" name="m855925889" >script.bangmaiche.TopicTest:bangmaiche_topic_testcase5</h2>
<div>
<div class="stacktrace">org.openqa.selenium.TimeoutException: Timed out after 20 seconds waiting for visibility of element located by By.xpath: //UIAApplication[1]/UIAWindow[1]/UIATableView[1]/UIATableCell[4]/UIAButton[4]
Build info: version: &apos;2.52.0&apos;, revision: &apos;4c2593c&apos;, time: &apos;2016-02-11 19:06:42&apos;
System info: host: &apos;N/A&apos;, ip: &apos;N/A&apos;, os.name: &apos;Mac OS X&apos;, os.arch: &apos;x86_64&apos;, os.version: &apos;10.12.3&apos;, java.version: &apos;1.7.0_71&apos;
Session ID: 8ed72b68-c143-4f73-b6c9-734b28d3533a
Driver info: io.appium.java_client.ios.IOSDriver
Capabilities [{platform=MAC, javascriptEnabled=true, browserName=iOS, networkConnectionEnabled=false, noSign=true, udid=279e59757a20062b7fb2f82586ca7ed5426352c4, desired={platform=MAC, platformVersion=8.1.2, deviceName=iPhone 6 Plus, platformName=iOS, bundleId=com.bitauto.carquote, device=iPhone 6 Plus, noSign=true, udid=279e59757a20062b7fb2f82586ca7ed5426352c4}, locationContextEnabled=false, platformVersion=8.1.2, databaseEnabled=false, deviceName=iPhone 6 Plus, platformName=iOS, webStorageEnabled=false, bundleId=com.bitauto.carquote, device=iPhone 6 Plus, warnings={}, takesScreenshot=true}]
	at org.openqa.selenium.support.ui.WebDriverWait.timeoutException(WebDriverWait.java:80)
	at org.openqa.selenium.support.ui.FluentWait.until(FluentWait.java:261)
	at common.Common.waitForVisible(Common.java:381)
	at common.Common.touchXpath(Common.java:138)
	at script.bangmaiche.TopicTest.bangmaiche_topic_testcase5(TopicTest.java:156)
... Removed 24 stack frames</div>
</div>
<p class="totop"><a href="#summary">back to summary</a></p>
<h2 id="m-411111031" name="m-411111031" >script.bangmaiche.TopicTest:bangmaiche_topic_testcase12</h2>
<div>
<div class="stacktrace">java.lang.AssertionError: 检查收藏成功 expected [false] but found [true]
	at script.bangmaiche.TopicTest.bangmaiche_topic_testcase12(TopicTest.java:185)
... Removed 27 stack frames</div>
</div>
<p class="totop"><a href="#summary">back to summary</a></p>
<h2 id="m-411111028" name="m-411111028" >script.bangmaiche.TopicTest:bangmaiche_topic_testcase15</h2>
<p class="totop"><a href="#summary">back to summary</a></p>
<h2 id="m-411111030" name="m-411111030" >script.bangmaiche.TopicTest:bangmaiche_topic_testcase13</h2>
<p class="totop"><a href="#summary">back to summary</a></p>
<h2 id="m855925887" name="m855925887" >script.bangmaiche.TopicTest:bangmaiche_topic_testcase3</h2>
<p class="totop"><a href="#summary">back to summary</a></p>
<h2 id="m855925885" name="m855925885" >script.bangmaiche.TopicTest:bangmaiche_topic_testcase1</h2>
<p class="totop"><a href="#summary">back to summary</a></p>
</body></html>
