<?xml version="1.0" encoding="UTF-8"?>
<!-- Generated by org.testng.reporters.JUnitReportReporter -->
<testsuite hostname="bogon" name="script.xinche.JiangJiaPaiHangTest" tests="13" failures="0" timestamp="14 Jul 2017 07:22:26 GMT" time="1826.264" errors="2">
  <testcase name="xinche_jiangjiapaihang_testcase8" time="209.990" classname="script.xinche.JiangJiaPaiHangTest">
    <error type="org.openqa.selenium.TimeoutException" message="Timed out after 20 seconds waiting for visibility of element located by By.xpath: /UIAApplication[1]/UIAWindow[1]/UIAScrollView[1]/UIAButton[2]
Build info: version: &#039;2.52.0&#039;, revision: &#039;4c2593c&#039;, time: &#039;2016-02-11 19:06:42&#039;
System info: host: &#039;bogon&#039;, ip: &#039;172.20.100.114&#039;, os.name: &#039;Mac OS X&#039;, os.arch: &#039;x86_64&#039;, os.version: &#039;10.12.3&#039;, java.version: &#039;1.7.0_71&#039;
Session ID: fa62475c-5127-4d69-91b4-b3511e23197f
Driver info: io.appium.java_client.ios.IOSDriver
Capabilities [{platform=MAC, javascriptEnabled=true, browserName=iOS, networkConnectionEnabled=false, noSign=true, udid=279e59757a20062b7fb2f82586ca7ed5426352c4, desired={platform=MAC, platformVersion=8.1.2, deviceName=iPhone 6 Plus, platformName=iOS, bundleId=com.bitauto.carquote, device=iPhone 6 Plus, noSign=true, udid=279e59757a20062b7fb2f82586ca7ed5426352c4}, locationContextEnabled=false, platformVersion=8.1.2, databaseEnabled=false, deviceName=iPhone 6 Plus, platformName=iOS, webStorageEnabled=false, bundleId=com.bitauto.carquote, device=iPhone 6 Plus, warnings={}, takesScreenshot=true}]">
      <![CDATA[org.openqa.selenium.TimeoutException: Timed out after 20 seconds waiting for visibility of element located by By.xpath: /UIAApplication[1]/UIAWindow[1]/UIAScrollView[1]/UIAButton[2]
Build info: version: '2.52.0', revision: '4c2593c', time: '2016-02-11 19:06:42'
System info: host: 'bogon', ip: '172.20.100.114', os.name: 'Mac OS X', os.arch: 'x86_64', os.version: '10.12.3', java.version: '1.7.0_71'
Session ID: fa62475c-5127-4d69-91b4-b3511e23197f
Driver info: io.appium.java_client.ios.IOSDriver
Capabilities [{platform=MAC, javascriptEnabled=true, browserName=iOS, networkConnectionEnabled=false, noSign=true, udid=279e59757a20062b7fb2f82586ca7ed5426352c4, desired={platform=MAC, platformVersion=8.1.2, deviceName=iPhone 6 Plus, platformName=iOS, bundleId=com.bitauto.carquote, device=iPhone 6 Plus, noSign=true, udid=279e59757a20062b7fb2f82586ca7ed5426352c4}, locationContextEnabled=false, platformVersion=8.1.2, databaseEnabled=false, deviceName=iPhone 6 Plus, platformName=iOS, webStorageEnabled=false, bundleId=com.bitauto.carquote, device=iPhone 6 Plus, warnings={}, takesScreenshot=true}]
	at org.openqa.selenium.support.ui.WebDriverWait.timeoutException(WebDriverWait.java:80)
	at org.openqa.selenium.support.ui.FluentWait.until(FluentWait.java:261)
	at common.Common.waitForVisible(Common.java:359)
	at common.Common.touchXpath(Common.java:136)
	at script.xinche.JiangJiaPaiHangTest.xinche_jiangjiapaihang_testcase8(JiangJiaPaiHangTest.java:173)
	at sun.reflect.NativeMethodAccessorImpl.invoke0(Native Method)
	at sun.reflect.NativeMethodAccessorImpl.invoke(NativeMethodAccessorImpl.java:57)
	at sun.reflect.DelegatingMethodAccessorImpl.invoke(DelegatingMethodAccessorImpl.java:43)
	at java.lang.reflect.Method.invoke(Method.java:606)
	at org.testng.internal.MethodInvocationHelper.invokeMethod(MethodInvocationHelper.java:85)
	at org.testng.internal.Invoker.invokeMethod(Invoker.java:639)
	at org.testng.internal.Invoker.invokeTestMethod(Invoker.java:816)
	at org.testng.internal.Invoker.invokeTestMethods(Invoker.java:1124)
	at org.testng.internal.TestMethodWorker.invokeTestMethods(TestMethodWorker.java:125)
	at org.testng.internal.TestMethodWorker.run(TestMethodWorker.java:108)
	at org.testng.TestRunner.privateRun(TestRunner.java:774)
	at org.testng.TestRunner.run(TestRunner.java:624)
	at org.testng.SuiteRunner.runTest(SuiteRunner.java:359)
	at org.testng.SuiteRunner.runSequentially(SuiteRunner.java:354)
	at org.testng.SuiteRunner.privateRun(SuiteRunner.java:312)
	at org.testng.SuiteRunner.run(SuiteRunner.java:261)
	at org.testng.SuiteRunnerWorker.runSuite(SuiteRunnerWorker.java:52)
	at org.testng.SuiteRunnerWorker.run(SuiteRunnerWorker.java:86)
	at org.testng.TestNG.runSuitesSequentially(TestNG.java:1215)
	at org.testng.TestNG.runSuitesLocally(TestNG.java:1140)
	at org.testng.TestNG.run(TestNG.java:1048)
	at org.testng.remote.AbstractRemoteTestNG.run(AbstractRemoteTestNG.java:132)
	at org.testng.remote.RemoteTestNG.initAndRun(RemoteTestNG.java:230)
	at org.testng.remote.RemoteTestNG.main(RemoteTestNG.java:76)
Caused by: org.openqa.selenium.NoSuchElementException: An element could not be located on the page using the given search parameters. (WARNING: The server did not provide any stacktrace information)
Command duration or timeout: 5.41 seconds
For documentation on this error, please visit: http://seleniumhq.org/exceptions/no_such_element.html
Build info: version: '2.52.0', revision: '4c2593c', time: '2016-02-11 19:06:42'
System info: host: 'bogon', ip: '172.20.100.114', os.name: 'Mac OS X', os.arch: 'x86_64', os.version: '10.12.3', java.version: '1.7.0_71'
*** Element info: {Using=xpath, value=/UIAApplication[1]/UIAWindow[1]/UIAScrollView[1]/UIAButton[2]}
Session ID: fa62475c-5127-4d69-91b4-b3511e23197f
Driver info: io.appium.java_client.ios.IOSDriver
Capabilities [{platform=MAC, javascriptEnabled=true, browserName=iOS, networkConnectionEnabled=false, noSign=true, udid=279e59757a20062b7fb2f82586ca7ed5426352c4, desired={platform=MAC, platformVersion=8.1.2, deviceName=iPhone 6 Plus, platformName=iOS, bundleId=com.bitauto.carquote, device=iPhone 6 Plus, noSign=true, udid=279e59757a20062b7fb2f82586ca7ed5426352c4}, locationContextEnabled=false, platformVersion=8.1.2, databaseEnabled=false, deviceName=iPhone 6 Plus, platformName=iOS, webStorageEnabled=false, bundleId=com.bitauto.carquote, device=iPhone 6 Plus, warnings={}, takesScreenshot=true}]
	at sun.reflect.GeneratedConstructorAccessor10.newInstance(Unknown Source)
	at sun.reflect.DelegatingConstructorAccessorImpl.newInstance(DelegatingConstructorAccessorImpl.java:45)
	at java.lang.reflect.Constructor.newInstance(Constructor.java:526)
	at org.openqa.selenium.remote.ErrorHandler.createThrowable(ErrorHandler.java:206)
	at org.openqa.selenium.remote.ErrorHandler.throwIfResponseFailed(ErrorHandler.java:158)
	at org.openqa.selenium.remote.RemoteWebDriver.execute(RemoteWebDriver.java:678)
	at io.appium.java_client.DefaultGenericMobileDriver.execute(DefaultGenericMobileDriver.java:27)
	at io.appium.java_client.AppiumDriver.execute(AppiumDriver.java:1)
	at io.appium.java_client.ios.IOSDriver.execute(IOSDriver.java:1)
	at org.openqa.selenium.remote.RemoteWebDriver.findElement(RemoteWebDriver.java:363)
	at org.openqa.selenium.remote.RemoteWebDriver.findElementByXPath(RemoteWebDriver.java:500)
	at io.appium.java_client.DefaultGenericMobileDriver.findElementByXPath(DefaultGenericMobileDriver.java:99)
	at io.appium.java_client.AppiumDriver.findElementByXPath(AppiumDriver.java:1)
	at io.appium.java_client.ios.IOSDriver.findElementByXPath(IOSDriver.java:1)
	at org.openqa.selenium.By$ByXPath.findElement(By.java:361)
	at org.openqa.selenium.remote.RemoteWebDriver.findElement(RemoteWebDriver.java:355)
	at io.appium.java_client.DefaultGenericMobileDriver.findElement(DefaultGenericMobileDriver.java:37)
	at io.appium.java_client.AppiumDriver.findElement(AppiumDriver.java:1)
	at io.appium.java_client.ios.IOSDriver.findElement(IOSDriver.java:1)
	at org.openqa.selenium.support.ui.ExpectedConditions.findElement(ExpectedConditions.java:911)
	at org.openqa.selenium.support.ui.ExpectedConditions.access$0(ExpectedConditions.java:909)
	at org.openqa.selenium.support.ui.ExpectedConditions$7.apply(ExpectedConditions.java:205)
	at org.openqa.selenium.support.ui.ExpectedConditions$7.apply(ExpectedConditions.java:1)
	at org.openqa.selenium.support.ui.FluentWait.until(FluentWait.java:238)
	... 27 more
]]>
    </error>
  </testcase> <!-- xinche_jiangjiapaihang_testcase8 -->
  <testcase name="xinche_jiangjiapaihang_testcase6" time="163.853" classname="script.xinche.JiangJiaPaiHangTest"/>
  <testcase name="xinche_jiangjiapaihang_testcase10" time="85.010" classname="script.xinche.JiangJiaPaiHangTest"/>
  <testcase name="xinche_jiangjiapaihang_testcase11" time="113.447" classname="script.xinche.JiangJiaPaiHangTest"/>
  <testcase name="xinche_jiangjiapaihang_testcase12" time="100.778" classname="script.xinche.JiangJiaPaiHangTest"/>
  <testcase name="xinche_jiangjiapaihang_testcase7" time="116.426" classname="script.xinche.JiangJiaPaiHangTest"/>
  <testcase name="xinche_jiangjiapaihang_testcase13" time="50.378" classname="script.xinche.JiangJiaPaiHangTest">
    <error type="org.openqa.selenium.TimeoutException" message="Timed out after 20 seconds waiting for visibility of element located by By.name: 新车
Build info: version: &#039;2.52.0&#039;, revision: &#039;4c2593c&#039;, time: &#039;2016-02-11 19:06:42&#039;
System info: host: &#039;bogon&#039;, ip: &#039;172.20.100.114&#039;, os.name: &#039;Mac OS X&#039;, os.arch: &#039;x86_64&#039;, os.version: &#039;10.12.3&#039;, java.version: &#039;1.7.0_71&#039;
Session ID: fa62475c-5127-4d69-91b4-b3511e23197f
Driver info: io.appium.java_client.ios.IOSDriver
Capabilities [{platform=MAC, javascriptEnabled=true, browserName=iOS, networkConnectionEnabled=false, noSign=true, udid=279e59757a20062b7fb2f82586ca7ed5426352c4, desired={platform=MAC, platformVersion=8.1.2, deviceName=iPhone 6 Plus, platformName=iOS, bundleId=com.bitauto.carquote, device=iPhone 6 Plus, noSign=true, udid=279e59757a20062b7fb2f82586ca7ed5426352c4}, locationContextEnabled=false, platformVersion=8.1.2, databaseEnabled=false, deviceName=iPhone 6 Plus, platformName=iOS, webStorageEnabled=false, bundleId=com.bitauto.carquote, device=iPhone 6 Plus, warnings={}, takesScreenshot=true}]">
      <![CDATA[org.openqa.selenium.TimeoutException: Timed out after 20 seconds waiting for visibility of element located by By.name: 新车
Build info: version: '2.52.0', revision: '4c2593c', time: '2016-02-11 19:06:42'
System info: host: 'bogon', ip: '172.20.100.114', os.name: 'Mac OS X', os.arch: 'x86_64', os.version: '10.12.3', java.version: '1.7.0_71'
Session ID: fa62475c-5127-4d69-91b4-b3511e23197f
Driver info: io.appium.java_client.ios.IOSDriver
Capabilities [{platform=MAC, javascriptEnabled=true, browserName=iOS, networkConnectionEnabled=false, noSign=true, udid=279e59757a20062b7fb2f82586ca7ed5426352c4, desired={platform=MAC, platformVersion=8.1.2, deviceName=iPhone 6 Plus, platformName=iOS, bundleId=com.bitauto.carquote, device=iPhone 6 Plus, noSign=true, udid=279e59757a20062b7fb2f82586ca7ed5426352c4}, locationContextEnabled=false, platformVersion=8.1.2, databaseEnabled=false, deviceName=iPhone 6 Plus, platformName=iOS, webStorageEnabled=false, bundleId=com.bitauto.carquote, device=iPhone 6 Plus, warnings={}, takesScreenshot=true}]
	at org.openqa.selenium.support.ui.WebDriverWait.timeoutException(WebDriverWait.java:80)
	at org.openqa.selenium.support.ui.FluentWait.until(FluentWait.java:261)
	at common.Common.waitForVisible(Common.java:359)
	at common.Common.touchText(Common.java:103)
	at models.XinChe.enterJiangJiaPaiHangPage(XinChe.java:65)
	at script.xinche.JiangJiaPaiHangTest.xinche_jiangjiapaihang_testcase13(JiangJiaPaiHangTest.java:260)
	at sun.reflect.NativeMethodAccessorImpl.invoke0(Native Method)
	at sun.reflect.NativeMethodAccessorImpl.invoke(NativeMethodAccessorImpl.java:57)
	at sun.reflect.DelegatingMethodAccessorImpl.invoke(DelegatingMethodAccessorImpl.java:43)
	at java.lang.reflect.Method.invoke(Method.java:606)
	at org.testng.internal.MethodInvocationHelper.invokeMethod(MethodInvocationHelper.java:85)
	at org.testng.internal.Invoker.invokeMethod(Invoker.java:639)
	at org.testng.internal.Invoker.invokeTestMethod(Invoker.java:816)
	at org.testng.internal.Invoker.invokeTestMethods(Invoker.java:1124)
	at org.testng.internal.TestMethodWorker.invokeTestMethods(TestMethodWorker.java:125)
	at org.testng.internal.TestMethodWorker.run(TestMethodWorker.java:108)
	at org.testng.TestRunner.privateRun(TestRunner.java:774)
	at org.testng.TestRunner.run(TestRunner.java:624)
	at org.testng.SuiteRunner.runTest(SuiteRunner.java:359)
	at org.testng.SuiteRunner.runSequentially(SuiteRunner.java:354)
	at org.testng.SuiteRunner.privateRun(SuiteRunner.java:312)
	at org.testng.SuiteRunner.run(SuiteRunner.java:261)
	at org.testng.SuiteRunnerWorker.runSuite(SuiteRunnerWorker.java:52)
	at org.testng.SuiteRunnerWorker.run(SuiteRunnerWorker.java:86)
	at org.testng.TestNG.runSuitesSequentially(TestNG.java:1215)
	at org.testng.TestNG.runSuitesLocally(TestNG.java:1140)
	at org.testng.TestNG.run(TestNG.java:1048)
	at org.testng.remote.AbstractRemoteTestNG.run(AbstractRemoteTestNG.java:132)
	at org.testng.remote.RemoteTestNG.initAndRun(RemoteTestNG.java:230)
	at org.testng.remote.RemoteTestNG.main(RemoteTestNG.java:76)
Caused by: org.openqa.selenium.NoSuchElementException: An element could not be located on the page using the given search parameters. (WARNING: The server did not provide any stacktrace information)
Command duration or timeout: 1.98 seconds
For documentation on this error, please visit: http://seleniumhq.org/exceptions/no_such_element.html
Build info: version: '2.52.0', revision: '4c2593c', time: '2016-02-11 19:06:42'
System info: host: 'bogon', ip: '172.20.100.114', os.name: 'Mac OS X', os.arch: 'x86_64', os.version: '10.12.3', java.version: '1.7.0_71'
*** Element info: {Using=name, value=新车}
Session ID: fa62475c-5127-4d69-91b4-b3511e23197f
Driver info: io.appium.java_client.ios.IOSDriver
Capabilities [{platform=MAC, javascriptEnabled=true, browserName=iOS, networkConnectionEnabled=false, noSign=true, udid=279e59757a20062b7fb2f82586ca7ed5426352c4, desired={platform=MAC, platformVersion=8.1.2, deviceName=iPhone 6 Plus, platformName=iOS, bundleId=com.bitauto.carquote, device=iPhone 6 Plus, noSign=true, udid=279e59757a20062b7fb2f82586ca7ed5426352c4}, locationContextEnabled=false, platformVersion=8.1.2, databaseEnabled=false, deviceName=iPhone 6 Plus, platformName=iOS, webStorageEnabled=false, bundleId=com.bitauto.carquote, device=iPhone 6 Plus, warnings={}, takesScreenshot=true}]
	at sun.reflect.GeneratedConstructorAccessor10.newInstance(Unknown Source)
	at sun.reflect.DelegatingConstructorAccessorImpl.newInstance(DelegatingConstructorAccessorImpl.java:45)
	at java.lang.reflect.Constructor.newInstance(Constructor.java:526)
	at org.openqa.selenium.remote.ErrorHandler.createThrowable(ErrorHandler.java:206)
	at org.openqa.selenium.remote.ErrorHandler.throwIfResponseFailed(ErrorHandler.java:158)
	at org.openqa.selenium.remote.RemoteWebDriver.execute(RemoteWebDriver.java:678)
	at io.appium.java_client.DefaultGenericMobileDriver.execute(DefaultGenericMobileDriver.java:27)
	at io.appium.java_client.AppiumDriver.execute(AppiumDriver.java:1)
	at io.appium.java_client.ios.IOSDriver.execute(IOSDriver.java:1)
	at org.openqa.selenium.remote.RemoteWebDriver.findElement(RemoteWebDriver.java:363)
	at org.openqa.selenium.remote.RemoteWebDriver.findElementByName(RemoteWebDriver.java:461)
	at io.appium.java_client.DefaultGenericMobileDriver.findElementByName(DefaultGenericMobileDriver.java:75)
	at io.appium.java_client.AppiumDriver.findElementByName(AppiumDriver.java:1)
	at io.appium.java_client.ios.IOSDriver.findElementByName(IOSDriver.java:1)
	at org.openqa.selenium.By$ByName.findElement(By.java:303)
	at org.openqa.selenium.remote.RemoteWebDriver.findElement(RemoteWebDriver.java:355)
	at io.appium.java_client.DefaultGenericMobileDriver.findElement(DefaultGenericMobileDriver.java:37)
	at io.appium.java_client.AppiumDriver.findElement(AppiumDriver.java:1)
	at io.appium.java_client.ios.IOSDriver.findElement(IOSDriver.java:1)
	at org.openqa.selenium.support.ui.ExpectedConditions.findElement(ExpectedConditions.java:911)
	at org.openqa.selenium.support.ui.ExpectedConditions.access$0(ExpectedConditions.java:909)
	at org.openqa.selenium.support.ui.ExpectedConditions$7.apply(ExpectedConditions.java:205)
	at org.openqa.selenium.support.ui.ExpectedConditions$7.apply(ExpectedConditions.java:1)
	at org.openqa.selenium.support.ui.FluentWait.until(FluentWait.java:238)
	... 28 more
]]>
    </error>
  </testcase> <!-- xinche_jiangjiapaihang_testcase13 -->
  <testcase name="xinche_jiangjiapaihang_testcase9" time="119.851" classname="script.xinche.JiangJiaPaiHangTest"/>
  <testcase name="xinche_jiangjiapaihang_testcase3" time="208.358" classname="script.xinche.JiangJiaPaiHangTest"/>
  <testcase name="xinche_jiangjiapaihang_testcase2" time="123.429" classname="script.xinche.JiangJiaPaiHangTest"/>
  <testcase name="xinche_jiangjiapaihang_testcase1" time="130.402" classname="script.xinche.JiangJiaPaiHangTest"/>
  <testcase name="xinche_jiangjiapaihang_testcase4" time="240.099" classname="script.xinche.JiangJiaPaiHangTest"/>
  <testcase name="xinche_jiangjiapaihang_testcase5" time="164.243" classname="script.xinche.JiangJiaPaiHangTest"/>
</testsuite> <!-- script.xinche.JiangJiaPaiHangTest -->
