<?xml version="1.0" encoding="UTF-8"?>
<!-- Generated by org.testng.reporters.JUnitXMLReporter -->
<testsuite name="faxian" tests="4" failures="1" timestamp="27 May 2017 07:51:10 GMT" time="125.239" errors="0">
  <testcase name="faxian_chexingduibi_testCase1" time="65.509" classname="script.faxian.CheXingDuiBiTest"/>
  <testcase name="faxian_chexingduibi_testcase2" time="27.911" classname="script.faxian.CheXingDuiBiTest"/>
  <testcase name="faxian_chexingduibi_testcase3" time="23.254" classname="script.faxian.CheXingDuiBiTest"/>
  <testcase name="faxian_chexingduibi_testcase4" time="8.524" classname="script.faxian.CheXingDuiBiTest">
    <failure type="org.openqa.selenium.NoSuchElementException" message="An element could not be located on the page using the given search parameters. (WARNING: The server did not provide any stacktrace information)
Command duration or timeout: 1.28 seconds
For documentation on this error, please visit: http://seleniumhq.org/exceptions/no_such_element.html
Build info: version: &amp;apos;2.52.0&amp;apos;, revision: &amp;apos;4c2593c&amp;apos;, time: &amp;apos;2016-02-11 19:06:42&amp;apos;
System info: host: &amp;apos;N/A&amp;apos;, ip: &amp;apos;N/A&amp;apos;, os.name: &amp;apos;Mac OS X&amp;apos;, os.arch: &amp;apos;x86_64&amp;apos;, os.version: &amp;apos;10.12.3&amp;apos;, java.version: &amp;apos;1.7.0_71&amp;apos;
*** Element info: {Using=name, value=话题}
Session ID: 356cef09-43d0-470b-beb3-d62149000374
Driver info: io.appium.java_client.ios.IOSDriver
Capabilities [{platform=MAC, javascriptEnabled=true, browserName=iOS, networkConnectionEnabled=false, noSign=true, udid=9d2b5af54cc39ceba892c63ce9891a245fffe2e8, desired={platform=MAC, platformVersion=9.3.3, deviceName=iPhone 6 Plus, platformName=iOS, bundleId=com.bitauto.carquote, device=iPhone 6 Plus, noSign=true, udid=9d2b5af54cc39ceba892c63ce9891a245fffe2e8}, locationContextEnabled=false, platformVersion=9.3.3, databaseEnabled=false, deviceName=iPhone 6 Plus, platformName=iOS, webStorageEnabled=false, bundleId=com.bitauto.carquote, device=iPhone 6 Plus, warnings={}, takesScreenshot=true}]">
      <![CDATA[org.openqa.selenium.NoSuchElementException: An element could not be located on the page using the given search parameters. (WARNING: The server did not provide any stacktrace information)
Command duration or timeout: 1.28 seconds
For documentation on this error, please visit: http://seleniumhq.org/exceptions/no_such_element.html
Build info: version: '2.52.0', revision: '4c2593c', time: '2016-02-11 19:06:42'
System info: host: 'N/A', ip: 'N/A', os.name: 'Mac OS X', os.arch: 'x86_64', os.version: '10.12.3', java.version: '1.7.0_71'
*** Element info: {Using=name, value=话题}
Session ID: 356cef09-43d0-470b-beb3-d62149000374
Driver info: io.appium.java_client.ios.IOSDriver
Capabilities [{platform=MAC, javascriptEnabled=true, browserName=iOS, networkConnectionEnabled=false, noSign=true, udid=9d2b5af54cc39ceba892c63ce9891a245fffe2e8, desired={platform=MAC, platformVersion=9.3.3, deviceName=iPhone 6 Plus, platformName=iOS, bundleId=com.bitauto.carquote, device=iPhone 6 Plus, noSign=true, udid=9d2b5af54cc39ceba892c63ce9891a245fffe2e8}, locationContextEnabled=false, platformVersion=9.3.3, databaseEnabled=false, deviceName=iPhone 6 Plus, platformName=iOS, webStorageEnabled=false, bundleId=com.bitauto.carquote, device=iPhone 6 Plus, warnings={}, takesScreenshot=true}]
	at org.openqa.selenium.remote.ErrorHandler.createThrowable(ErrorHandler.java:206)
	at org.openqa.selenium.remote.ErrorHandler.throwIfResponseFailed(ErrorHandler.java:158)
	at org.openqa.selenium.remote.RemoteWebDriver.execute(RemoteWebDriver.java:678)
	at io.appium.java_client.DefaultGenericMobileDriver.execute(DefaultGenericMobileDriver.java:27)
	at io.appium.java_client.AppiumDriver.execute(AppiumDriver.java:1)
	at io.appium.java_client.ios.IOSDriver.execute(IOSDriver.java:1)
	at org.openqa.selenium.remote.RemoteWebDriver.findElement(RemoteWebDriver.java:363)
	at org.openqa.selenium.remote.RemoteWebDriver.findElementByName(RemoteWebDriver.java:461)
	at io.appium.java_client.DefaultGenericMobileDriver.findElementByName(DefaultGenericMobileDriver.java:75)
	at io.appium.java_client.AppiumDriver.findElementByName(AppiumDriver.java:1)
	at io.appium.java_client.ios.IOSDriver.findElementByName(IOSDriver.java:1)
	at org.openqa.selenium.By$ByName.findElement(By.java:303)
	at org.openqa.selenium.remote.RemoteWebDriver.findElement(RemoteWebDriver.java:355)
	at io.appium.java_client.DefaultGenericMobileDriver.findElement(DefaultGenericMobileDriver.java:37)
	at io.appium.java_client.AppiumDriver.findElement(AppiumDriver.java:1)
	at io.appium.java_client.ios.IOSDriver.findElement(IOSDriver.java:1)
	at common.Common.touchText(Common.java:101)
	at script.faxian.CheXingDuiBiTest.faxian_chexingduibi_testcase4(CheXingDuiBiTest.java:95)
... Removed 28 stack frames]]>
    </failure>
  </testcase> <!-- faxian_chexingduibi_testcase4 -->
</testsuite> <!-- faxian -->
