<?xml version="1.0" encoding="UTF-8"?>
<!-- Generated by org.testng.reporters.JUnitXMLReporter -->
<testsuite name="xinche" tests="10" failures="2" timestamp="8 Sep 2017 07:21:48 GMT" time="1400.065" errors="0">
  <testcase name="xinche_chexingshoucang_testcase1" time="124.186" classname="script.xinche.CheXingShouCangTest">
    <failure type="java.lang.AssertionError" message="检查车型收藏为空 expected [false] but found [true]">
      <![CDATA[java.lang.AssertionError: 检查车型收藏为空 expected [false] but found [true]
	at script.xinche.CheXingShouCangTest.xinche_chexingshoucang_testcase1(CheXingShouCangTest.java:26)
... Removed 27 stack frames]]>
    </failure>
  </testcase> <!-- xinche_chexingshoucang_testcase1 -->
  <testcase name="xinche_chexingshoucang_testcase2" time="168.901" classname="script.xinche.CheXingShouCangTest"/>
  <testcase name="xinche_chexingshoucang_testcase3" time="106.62" classname="script.xinche.CheXingShouCangTest"/>
  <testcase name="xinche_chexingshoucang_testcase4" time="97.953" classname="script.xinche.CheXingShouCangTest"/>
  <testcase name="xinche_chexingshoucang_testcase5" time="89.407" classname="script.xinche.CheXingShouCangTest"/>
  <testcase name="xinche_chexingshoucang_testcase6" time="0.002" classname="script.xinche.CheXingShouCangTest">
    <failure type="java.lang.NoClassDefFoundError" message="models/ErShouChe">
      <![CDATA[java.lang.NoClassDefFoundError: models/ErShouChe
	at script.xinche.CheXingShouCangTest.xinche_chexingshoucang_testcase6(CheXingShouCangTest.java:111)
Caused by: java.lang.ClassNotFoundException: models.ErShouChe
	at java.net.URLClassLoader$1.run(URLClassLoader.java:366)
	at java.net.URLClassLoader$1.run(URLClassLoader.java:355)
	at java.security.AccessController.doPrivileged(Native Method)
	at java.net.URLClassLoader.findClass(URLClassLoader.java:354)
	at java.lang.ClassLoader.loadClass(ClassLoader.java:425)
	at sun.misc.Launcher$AppClassLoader.loadClass(Launcher.java:308)
	at java.lang.ClassLoader.loadClass(ClassLoader.java:358)
	... 25 more
... Removed 24 stack frames]]>
    </failure>
  </testcase> <!-- xinche_chexingshoucang_testcase6 -->
  <testcase name="xinche_chexingshoucang_testcase7" time="92.178" classname="script.xinche.CheXingShouCangTest"/>
  <testcase name="xinche_chexingshoucang_testcase8" time="215.555" classname="script.xinche.CheXingShouCangTest"/>
  <testcase name="xinche_chexingshoucang_testcase9" time="90.475" classname="script.xinche.CheXingShouCangTest"/>
  <testcase name="xinche_chexingshoucang_testcase10" time="175.809" classname="script.xinche.CheXingShouCangTest"/>
</testsuite> <!-- xinche -->
